[    0.000000] Initializing cgroup subsys cpuset
[    0.000000] Initializing cgroup subsys cpu
[    0.000000] Initializing cgroup subsys cpuacct
[    0.000000] Linux version 4.4.0-210-generic (buildd@lgw01-amd64-009) (gcc version 5.4.0 20160609 (Ubuntu 5.4.0-6ubuntu1~16.04.12) ) #242-Ubuntu SMP Fri Apr 16 09:57:56 UTC 2021 (Ubuntu 4.4.0-210.242-generic 4.4.262)
[    0.000000] Command line: BOOT_IMAGE=/boot/vmlinuz-4.4.0-210-generic root=LABEL=cloudimg-rootfs ro console=tty1 console=ttyS0
[    0.000000] KERNEL supported cpus:
[    0.000000]   Intel GenuineIntel
[    0.000000]   AMD AuthenticAMD
[    0.000000]   Centaur CentaurHauls
[    0.000000] x86/fpu: xstate_offset[2]:  576, xstate_sizes[2]:  256
[    0.000000] x86/fpu: Supporting XSAVE feature 0x01: 'x87 floating point registers'
[    0.000000] x86/fpu: Supporting XSAVE feature 0x02: 'SSE registers'
[    0.000000] x86/fpu: Supporting XSAVE feature 0x04: 'AVX registers'
[    0.000000] x86/fpu: Enabled xstate features 0x7, context size is 832 bytes, using 'standard' format.
[    0.000000] e820: BIOS-provided physical RAM map:
[    0.000000] BIOS-e820: [mem 0x0000000000000000-0x000000000009fbff] usable
[    0.000000] BIOS-e820: [mem 0x000000000009fc00-0x000000000009ffff] reserved
[    0.000000] BIOS-e820: [mem 0x00000000000f0000-0x00000000000fffff] reserved
[    0.000000] BIOS-e820: [mem 0x0000000000100000-0x000000003ffeffff] usable
[    0.000000] BIOS-e820: [mem 0x000000003fff0000-0x000000003fffffff] ACPI data
[    0.000000] BIOS-e820: [mem 0x00000000fec00000-0x00000000fec00fff] reserved
[    0.000000] BIOS-e820: [mem 0x00000000fee00000-0x00000000fee00fff] reserved
[    0.000000] BIOS-e820: [mem 0x00000000fffc0000-0x00000000ffffffff] reserved
[    0.000000] NX (Execute Disable) protection: active
[    0.000000] SMBIOS 2.5 present.
[    0.000000] Hypervisor detected: KVM
[    0.000000] Kernel/User page tables isolation: disabled
[    0.000000] e820: last_pfn = 0x3fff0 max_arch_pfn = 0x400000000
[    0.000000] MTRR: Disabled
[    0.000000] x86/PAT: MTRRs disabled, skipping PAT initialization too.
[    0.000000] CPU MTRRs all blank - virtualized system.
[    0.000000] x86/PAT: Configuration [0-7]: WB  WT  UC- UC  WB  WT  UC- UC  
[    0.000000] found SMP MP-table at [mem 0x0009fff0-0x0009ffff] mapped at [ffff88000009fff0]
[    0.000000] Scanning 1 areas for low memory corruption
[    0.000000] RAMDISK: [mem 0x362dc000-0x37165fff]
[    0.000000] ACPI: Early table checksum verification disabled
[    0.000000] ACPI: RSDP 0x00000000000E0000 000024 (v02 VBOX  )
[    0.000000] ACPI: XSDT 0x000000003FFF0030 00003C (v01 VBOX   VBOXXSDT 00000001 ASL  00000061)
[    0.000000] ACPI: FACP 0x000000003FFF00F0 0000F4 (v04 VBOX   VBOXFACP 00000001 ASL  00000061)
[    0.000000] ACPI: DSDT 0x000000003FFF0610 002353 (v02 VBOX   VBOXBIOS 00000002 INTL 20100528)
[    0.000000] ACPI: FACS 0x000000003FFF0200 000040
[    0.000000] ACPI: FACS 0x000000003FFF0200 000040
[    0.000000] ACPI: APIC 0x000000003FFF0240 00005C (v02 VBOX   VBOXAPIC 00000001 ASL  00000061)
[    0.000000] ACPI: SSDT 0x000000003FFF02A0 00036C (v01 VBOX   VBOXCPUT 00000002 INTL 20100528)
[    0.000000] No NUMA configuration found
[    0.000000] Faking a node at [mem 0x0000000000000000-0x000000003ffeffff]
[    0.000000] NODE_DATA(0) allocated [mem 0x3ffeb000-0x3ffeffff]
[    0.000000] kvm-clock: Using msrs 4b564d01 and 4b564d00
[    0.000000] kvm-clock: cpu 0, msr 0:3ffe3001, primary cpu clock
[    0.000000] kvm-clock: using sched offset of 3192511512 cycles
[    0.000000] clocksource: kvm-clock: mask: 0xffffffffffffffff max_cycles: 0x1cd42e4dffb, max_idle_ns: 881590591483 ns
[    0.000000] Zone ranges:
[    0.000000]   DMA      [mem 0x0000000000001000-0x0000000000ffffff]
[    0.000000]   DMA32    [mem 0x0000000001000000-0x000000003ffeffff]
[    0.000000]   Normal   empty
[    0.000000]   Device   empty
[    0.000000] Movable zone start for each node
[    0.000000] Early memory node ranges
[    0.000000]   node   0: [mem 0x0000000000001000-0x000000000009efff]
[    0.000000]   node   0: [mem 0x0000000000100000-0x000000003ffeffff]
[    0.000000] Initmem setup node 0 [mem 0x0000000000001000-0x000000003ffeffff]
[    0.000000] ACPI: PM-Timer IO Port: 0x4008
[    0.000000] IOAPIC[0]: apic_id 2, version 32, address 0xfec00000, GSI 0-23
[    0.000000] ACPI: INT_SRC_OVR (bus 0 bus_irq 0 global_irq 2 dfl dfl)
[    0.000000] ACPI: INT_SRC_OVR (bus 0 bus_irq 9 global_irq 9 low level)
[    0.000000] Using ACPI (MADT) for SMP configuration information
[    0.000000] smpboot: Allowing 2 CPUs, 0 hotplug CPUs
[    0.000000] PM: Registered nosave memory: [mem 0x00000000-0x00000fff]
[    0.000000] PM: Registered nosave memory: [mem 0x0009f000-0x0009ffff]
[    0.000000] PM: Registered nosave memory: [mem 0x000a0000-0x000effff]
[    0.000000] PM: Registered nosave memory: [mem 0x000f0000-0x000fffff]
[    0.000000] e820: [mem 0x40000000-0xfebfffff] available for PCI devices
[    0.000000] Booting paravirtualized kernel on KVM
[    0.000000] clocksource: refined-jiffies: mask: 0xffffffff max_cycles: 0xffffffff, max_idle_ns: 7645519600211568 ns
[    0.000000] setup_percpu: NR_CPUS:512 nr_cpumask_bits:512 nr_cpu_ids:2 nr_node_ids:1
[    0.000000] PERCPU: Embedded 33 pages/cpu @ffff88003fc00000 s95192 r8192 d31784 u1048576
[    0.000000] Built 1 zonelists in Node order, mobility grouping on.  Total pages: 257912
[    0.000000] Policy zone: DMA32
[    0.000000] Kernel command line: BOOT_IMAGE=/boot/vmlinuz-4.4.0-210-generic root=LABEL=cloudimg-rootfs ro console=tty1 console=ttyS0
[    0.000000] PID hash table entries: 4096 (order: 3, 32768 bytes)
[    0.000000] Memory: 997792K/1048120K available (8644K kernel code, 1332K rwdata, 4044K rodata, 1492K init, 1164K bss, 50328K reserved, 0K cma-reserved)
[    0.000000] SLUB: HWalign=64, Order=0-3, MinObjects=0, CPUs=2, Nodes=1
[    0.000000] Hierarchical RCU implementation.
[    0.000000] 	Build-time adjustment of leaf fanout to 64.
[    0.000000] 	RCU restricting CPUs from NR_CPUS=512 to nr_cpu_ids=2.
[    0.000000] RCU: Adjusting geometry for rcu_fanout_leaf=64, nr_cpu_ids=2
[    0.000000] NR_IRQS:33024 nr_irqs:440 16
[    0.000000] Console: colour VGA+ 80x25
[    0.000000] console [tty1] enabled
[    0.000000] console [ttyS0] enabled
[    0.000000] tsc: Detected 2419.202 MHz processor
[    0.129563] Calibrating delay loop (skipped) preset value.. 4838.40 BogoMIPS (lpj=9676808)
[    0.130968] pid_max: default: 32768 minimum: 301
[    0.131704] ACPI: Core revision 20150930
[    0.133234] ACPI: 2 ACPI AML tables successfully acquired and loaded
[    0.134290] Security Framework initialized
[    0.134962] Yama: becoming mindful.
[    0.135566] AppArmor: AppArmor initialized
[    0.136313] Dentry cache hash table entries: 131072 (order: 8, 1048576 bytes)
[    0.137490] Inode-cache hash table entries: 65536 (order: 7, 524288 bytes)
[    0.142103] Mount-cache hash table entries: 2048 (order: 2, 16384 bytes)
[    0.143083] Mountpoint-cache hash table entries: 2048 (order: 2, 16384 bytes)
[    0.144273] Initializing cgroup subsys io
[    0.145038] Initializing cgroup subsys memory
[    0.145687] Initializing cgroup subsys devices
[    0.146392] Initializing cgroup subsys freezer
[    0.147120] Initializing cgroup subsys net_cls
[    0.147861] Initializing cgroup subsys perf_event
[    0.148526] Initializing cgroup subsys net_prio
[    0.149134] Initializing cgroup subsys hugetlb
[    0.149818] Initializing cgroup subsys pids
[    0.155029] mce: CPU supports 0 MCE banks
[    0.155706] Last level iTLB entries: 4KB 0, 2MB 0, 4MB 0
[    0.156584] Last level dTLB entries: 4KB 0, 2MB 0, 4MB 0, 1GB 0
[    0.157474] Spectre V1 : Mitigation: usercopy/swapgs barriers and __user pointer sanitization
[    0.159071] Spectre V2 : Mitigation: Full generic retpoline
[    0.159929] Spectre V2 : Spectre v2 / SpectreRSB mitigation: Filling RSB on context switch
[    0.161148] Speculative Store Bypass: Vulnerable
[    0.164138] Freeing SMP alternatives memory: 36K
[    0.169722] ftrace: allocating 32380 entries in 127 pages
[    0.270142] smpboot: APIC(0) Converting physical 0 to logical package 0
[    0.272331] smpboot: Max logical packages: 1
[    0.274370] x2apic enabled
[    0.275871] Switched APIC routing to physical x2apic.
[    0.278475] ..TIMER: vector=0x30 apic1=0 pin1=2 apic2=-1 pin2=-1
[    0.388040] smpboot: CPU0: 11th Gen Intel(R) Core(TM) i5-1135G7 @ 2.40GHz (family: 0x6, model: 0x8c, stepping: 0x1)
[    0.393716] Performance Events: unsupported p6 CPU model 140 no PMU driver, software events only.
[    0.409233] KVM setup paravirtual spinlock
[    0.410782] x86: Booting SMP configuration:
[    0.411626] .... node  #0, CPUs:      #1
[    0.412909] kvm-clock: cpu 1, msr 0:3ffe3041, secondary cpu clock
[    0.418507] mce: CPU supports 0 MCE banks
[    0.421159] x86: Booted up 1 node, 2 CPUs
[    0.422032] smpboot: Total of 2 processors activated (9676.80 BogoMIPS)
[    0.423319] devtmpfs: initialized
[    0.424982] evm: security.selinux
[    0.425675] evm: security.SMACK64
[    0.426361] evm: security.SMACK64EXEC
[    0.427054] evm: security.SMACK64TRANSMUTE
[    0.427838] evm: security.SMACK64MMAP
[    0.428524] evm: security.ima
[    0.429168] evm: security.capability
[    0.429955] clocksource: jiffies: mask: 0xffffffff max_cycles: 0xffffffff, max_idle_ns: 7645041785100000 ns
[    0.431442] futex hash table entries: 512 (order: 3, 32768 bytes)
[    0.432753] pinctrl core: initialized pinctrl subsystem
[    0.434256] RTC time: 10:37:11, date: 05/13/24
[    0.440253] NET: Registered protocol family 16
[    0.452358] cpuidle: using governor ladder
[    0.463681] cpuidle: using governor menu
[    0.466175] PCCT header not found.
[    0.467922] ACPI: bus type PCI registered
[    0.469566] acpiphp: ACPI Hot Plug PCI Controller Driver version: 0.5
[    0.472021] PCI: Using configuration type 1 for base access
[    0.489281] ACPI: Added _OSI(Module Device)
[    0.491606] ACPI: Added _OSI(Processor Device)
[    0.492441] ACPI: Added _OSI(3.0 _SCP Extensions)
[    0.493091] ACPI: Added _OSI(Processor Aggregator Device)
[    0.494757] ACPI: Executed 1 blocks of module-level executable AML code
[    0.498764] ACPI: Interpreter enabled
[    0.500183] ACPI: (supports S0 S5)
[    0.501508] ACPI: Using IOAPIC for interrupt routing
[    0.503564] PCI: Using host bridge windows from ACPI; if necessary, use "pci=nocrs" and report a bug
[    0.511850] ACPI: PCI Root Bridge [PCI0] (domain 0000 [bus 00-ff])
[    0.513427] acpi PNP0A03:00: _OSC: OS supports [ASPM ClockPM Segments MSI]
[    0.515481] acpi PNP0A03:00: _OSC: not requesting OS control; OS requires [ExtendedConfig ASPM ClockPM MSI]
[    0.517031] acpi PNP0A03:00: fail to add MMCONFIG information, can't access extended PCI configuration space under this bridge.
[    0.518965] PCI host bridge to bus 0000:00
[    0.519682] pci_bus 0000:00: root bus resource [io  0x0000-0x0cf7 window]
[    0.520648] pci_bus 0000:00: root bus resource [io  0x0d00-0xffff window]
[    0.521605] pci_bus 0000:00: root bus resource [mem 0x000a0000-0x000bffff window]
[    0.522849] pci_bus 0000:00: root bus resource [mem 0x40000000-0xfdffffff window]
[    0.524140] pci_bus 0000:00: root bus resource [bus 00-ff]
[    0.526511] pci 0000:00:01.1: legacy IDE quirk: reg 0x10: [io  0x01f0-0x01f7]
[    0.527667] pci 0000:00:01.1: legacy IDE quirk: reg 0x14: [io  0x03f6]
[    0.528642] pci 0000:00:01.1: legacy IDE quirk: reg 0x18: [io  0x0170-0x0177]
[    0.529707] pci 0000:00:01.1: legacy IDE quirk: reg 0x1c: [io  0x0376]
[    0.546170] pci 0000:00:07.0: quirk: [io  0x4000-0x403f] claimed by PIIX4 ACPI
[    0.557281] pci 0000:00:07.0: quirk: [io  0x4100-0x410f] claimed by PIIX4 SMB
[    0.565141] ACPI: PCI Interrupt Link [LNKA] (IRQs 5 9 10 *11)
[    0.568339] ACPI: PCI Interrupt Link [LNKB] (IRQs 5 9 *10 11)
[    0.569591] ACPI: PCI Interrupt Link [LNKC] (IRQs 5 *9 10 11)
[    0.570787] ACPI: PCI Interrupt Link [LNKD] (IRQs 5 9 10 *11)
[    0.572016] ACPI: Enabled 2 GPEs in block 00 to 07
[    0.573066] vgaarb: setting as boot device: PCI:0000:00:02.0
[    0.573937] vgaarb: device added: PCI:0000:00:02.0,decodes=io+mem,owns=io+mem,locks=none
[    0.575238] vgaarb: loaded
[    0.575778] vgaarb: bridge control possible 0000:00:02.0
[    0.576825] SCSI subsystem initialized
[    0.577648] ACPI: bus type USB registered
[    0.578403] usbcore: registered new interface driver usbfs
[    0.579333] usbcore: registered new interface driver hub
[    0.580263] usbcore: registered new device driver usb
[    0.581323] PCI: Using ACPI for IRQ routing
[    0.582443] NetLabel: Initializing
[    0.583096] NetLabel:  domain hash size = 128
[    0.583812] NetLabel:  protocols = UNLABELED CIPSOv4
[    0.584613] NetLabel:  unlabeled traffic allowed by default
[    0.585561] amd_nb: Cannot enumerate AMD northbridges
[    0.586395] clocksource: Switched to clocksource kvm-clock
[    0.598092] AppArmor: AppArmor Filesystem Enabled
[    0.598948] pnp: PnP ACPI init
[    0.600201] pnp: PnP ACPI: found 3 devices
[    0.608728] clocksource: acpi_pm: mask: 0xffffff max_cycles: 0xffffff, max_idle_ns: 2085701024 ns
[    0.610757] NET: Registered protocol family 2
[    0.611564] TCP established hash table entries: 8192 (order: 4, 65536 bytes)
[    0.612645] TCP bind hash table entries: 8192 (order: 5, 131072 bytes)
[    0.613699] TCP: Hash tables configured (established 8192 bind 8192)
[    0.614495] UDP hash table entries: 512 (order: 2, 16384 bytes)
[    0.615381] UDP-Lite hash table entries: 512 (order: 2, 16384 bytes)
[    0.616331] NET: Registered protocol family 1
[    0.616961] pci 0000:00:00.0: Limiting direct PCI/PCI transfers
[    0.617865] pci 0000:00:01.0: Activating ISA DMA hang workarounds
[    0.623742] Unpacking initramfs...
[    0.940633] Freeing initrd memory: 14888K
[    0.942628] clocksource: tsc: mask: 0xffffffffffffffff max_cycles: 0x22df12c5959, max_idle_ns: 440795242016 ns
[    0.946917] platform rtc_cmos: registered platform RTC device (no PNP device found)
[    0.950246] Scanning for low memory corruption every 60 seconds
[    0.952832] audit: initializing netlink subsys (disabled)
[    0.954750] audit: type=2000 audit(1715596637.149:1): initialized
[    0.957175] Initialise system trusted keyring
[    0.959035] HugeTLB registered 2 MB page size, pre-allocated 0 pages
[    0.961656] zbud: loaded
[    0.962707] VFS: Disk quotas dquot_6.6.0
[    0.963696] VFS: Dquot-cache hash table entries: 512 (order 0, 4096 bytes)
[    0.965399] squashfs: version 4.0 (2009/01/31) Phillip Lougher
[    0.971349] fuse init (API version 7.23)
[    0.972245] Key type big_key registered
[    0.972977] Allocating IMA MOK and blacklist keyrings.
[    0.974580] Key type asymmetric registered
[    0.975355] Asymmetric key parser 'x509' registered
[    0.976235] Block layer SCSI generic (bsg) driver version 0.4 loaded (major 249)
[    0.977594] io scheduler noop registered
[    0.978262] io scheduler deadline registered (default)
[    0.979061] io scheduler cfq registered
[    0.979791] pci_hotplug: PCI Hot Plug PCI Core version: 0.5
[    0.980658] pciehp: PCI Express Hot Plug Controller Driver version: 0.4
[    0.981739] ACPI: AC Adapter [AC] (on-line)
[    0.982489] input: Power Button as /devices/LNXSYSTM:00/LNXPWRBN:00/input/input0
[    0.983749] ACPI: Power Button [PWRF]
[    0.984451] input: Sleep Button as /devices/LNXSYSTM:00/LNXSLPBN:00/input/input1
[    0.985754] ACPI: Sleep Button [SLPF]
[    0.986962] ACPI: Battery Slot [BAT0] (battery present)
[    0.987668] GHES: HEST is not enabled!
[    0.988385] Serial: 8250/16550 driver, 32 ports, IRQ sharing enabled
[    1.009839] 00:02: ttyS0 at I/O 0x3f8 (irq = 4, base_baud = 115200) is a 16550A
[    1.012461] Linux agpgart interface v0.103
[    1.014293] loop: module loaded
[    1.015382] scsi host0: ata_piix
[    1.016063] scsi host1: ata_piix
[    1.016671] ata1: PATA max UDMA/33 cmd 0x1f0 ctl 0x3f6 bmdma 0xd000 irq 14
[    1.017755] ata2: PATA max UDMA/33 cmd 0x170 ctl 0x376 bmdma 0xd008 irq 15
[    1.018904] libphy: Fixed MDIO Bus: probed
[    1.019590] tun: Universal TUN/TAP device driver, 1.6
[    1.020455] tun: (C) 1999-2004 Max Krasnyansky <maxk@qualcomm.com>
[    1.021434] PPP generic driver version 2.4.2
[    1.022205] ehci_hcd: USB 2.0 'Enhanced' Host Controller (EHCI) Driver
[    1.023273] ehci-pci: EHCI PCI platform driver
[    1.024021] ehci-platform: EHCI generic platform driver
[    1.024842] ohci_hcd: USB 1.1 'Open' Host Controller (OHCI) Driver
[    1.025772] ohci-pci: OHCI PCI platform driver
[    1.026497] ohci-platform: OHCI generic platform driver
[    1.027351] uhci_hcd: USB Universal Host Controller Interface driver
[    1.028435] i8042: PNP: PS/2 Controller [PNP0303:PS2K,PNP0f03:PS2M] at 0x60,0x64 irq 1,12
[    1.030257] serio: i8042 KBD port at 0x60,0x64 irq 1
[    1.031213] serio: i8042 AUX port at 0x60,0x64 irq 12
[    1.032119] mousedev: PS/2 mouse device common for all mice
[    1.033455] input: AT Translated Set 2 keyboard as /devices/platform/i8042/serio0/input/input2
[    1.035465] rtc_cmos rtc_cmos: rtc core: registered rtc_cmos as rtc0
[    1.036535] rtc_cmos rtc_cmos: alarms up to one day, 114 bytes nvram
[    1.037477] i2c /dev entries driver
[    1.038130] device-mapper: uevent: version 1.0.3
[    1.039072] device-mapper: ioctl: 4.34.0-ioctl (2015-10-28) initialised: dm-devel@redhat.com
[    1.040434] ledtrig-cpu: registered to indicate activity on CPUs
[    1.041630] NET: Registered protocol family 10
[    1.042536] NET: Registered protocol family 17
[    1.043274] Key type dns_resolver registered
[    1.044632] registered taskstats version 1
[    1.045345] Loading compiled-in X.509 certificates
[    1.048192] Loaded X.509 cert 'Build time autogenerated kernel key: cf00e047681d67edb2720680708b7d9498083038'
[    1.051698] zswap: loaded using pool lzo/zbud
[    1.054768] Key type trusted registered
[    1.057776] Key type encrypted registered
[    1.058484] AppArmor: AppArmor sha1 policy hashing enabled
[    1.059386] ima: No TPM chip found, activating TPM-bypass!
[    1.060255] ima: Allocated hash algorithm: sha1
[    1.060997] evm: HMAC attrs: 0x1
[    1.061956]   Magic number: 8:610:628
[    1.062795] rtc_cmos rtc_cmos: setting system clock to 2024-05-13 10:37:12 UTC (1715596632)
[    1.065016] BIOS EDD facility v0.16 2004-Jun-25, 0 devices found
[    1.066127] EDD information not available.
[    1.459055] Freeing unused kernel memory: 1492K
[    1.460076] Write protecting the kernel read-only data: 14336k
[    1.461865] Freeing unused kernel memory: 1584K
[    1.464807] Freeing unused kernel memory: 52K
Loading, please wait...
starting version 229
[    1.488372] random: systemd-udevd: uninitialized urandom read (16 bytes read, 3 bits of entropy available)
[    1.489819] random: udevadm: uninitialized urandom read (16 bytes read, 3 bits of entropy available)
[    1.489893] random: udevadm: uninitialized urandom read (16 bytes read, 3 bits of entropy available)
[    1.503950] random: systemd-udevd: uninitialized urandom read (16 bytes read, 3 bits of entropy available)
[    1.508138] random: systemd-udevd: uninitialized urandom read (16 bytes read, 3 bits of entropy available)
[    1.509113] random: udevadm: uninitialized urandom read (16 bytes read, 3 bits of entropy available)
[    1.509190] random: udevadm: uninitialized urandom read (16 bytes read, 3 bits of entropy available)
[    1.509445] random: udevadm: uninitialized urandom read (16 bytes read, 3 bits of entropy available)
[    1.509528] random: udevadm: uninitialized urandom read (16 bytes read, 3 bits of entropy available)
[    1.509613] random: udevadm: uninitialized urandom read (16 bytes read, 3 bits of entropy available)
[    1.553298] Fusion MPT base driver 3.04.20
[    1.554518] Copyright (c) 1999-2008 LSI Corporation
[    1.567004] e1000: Intel(R) PRO/1000 Network Driver - version 7.3.21-k8-NAPI
[    1.568634] e1000: Copyright (c) 1999-2006 Intel Corporation.
[    1.574591] Fusion MPT SPI Host driver 3.04.20
[    1.585030] AVX2 version of gcm_enc/dec engaged.
[    1.586054] AES CTR mode by8 optimization enabled
[    1.762055] input: ImExPS/2 Generic Explorer Mouse as /devices/platform/i8042/serio1/input/input4
[    1.955394] e1000 0000:00:03.0 eth0: (PCI:33MHz:32-bit) 02:be:82:6b:cc:1d
[    1.958162] e1000 0000:00:03.0 eth0: Intel(R) PRO/1000 Network Connection
[    1.962650] mptbase: ioc0: Initiating bringup
[    2.035202] ioc0: LSI53C1030 A0: Capabilities={Initiator}
[    2.203264] scsi host2: ioc0: LSI53C1030 A0, FwRev=00000000h, Ports=1, MaxQ=256, IRQ=20
[    2.319714] scsi 2:0:0:0: Direct-Access     VBOX     HARDDISK         1.0  PQ: 0 ANSI: 5
[    2.324218] scsi target2:0:0: Beginning Domain Validation
[    2.329321] scsi target2:0:0: Domain Validation skipping write tests
[    2.330295] scsi target2:0:0: Ending Domain Validation
[    2.331820] scsi target2:0:0: asynchronous
[    2.333574] scsi 2:0:1:0: Direct-Access     VBOX     HARDDISK         1.0  PQ: 0 ANSI: 5
[    2.334819] scsi target2:0:1: Beginning Domain Validation
[    2.338267] scsi target2:0:1: Domain Validation skipping write tests
[    2.339182] scsi target2:0:1: Ending Domain Validation
[    2.339965] scsi target2:0:1: asynchronous
[    2.343301] sd 2:0:0:0: [sda] 83886080 512-byte logical blocks: (42.9 GB/40.0 GiB)
[    2.343493] sd 2:0:0:0: Attached scsi generic sg0 type 0
[    2.343663] sd 2:0:1:0: Attached scsi generic sg1 type 0
[    2.344018] sd 2:0:1:0: [sdb] 20480 512-byte logical blocks: (10.5 MB/10.0 MiB)
[    2.344143] sd 2:0:1:0: [sdb] Write Protect is off
[    2.344204] sd 2:0:1:0: [sdb] Incomplete mode parameter data
[    2.344205] sd 2:0:1:0: [sdb] Assuming drive cache: write through
[    2.346800] sd 2:0:1:0: [sdb] Attached SCSI disk
[    2.359492] sd 2:0:0:0: [sda] Write Protect is off
[    2.360523] sd 2:0:0:0: [sda] Incomplete mode parameter data
[    2.361546] sd 2:0:0:0: [sda] Assuming drive cache: write through
[    2.365124]  sda: sda1
[    2.369543] sd 2:0:0:0: [sda] Attached SCSI disk
[    2.826297] e1000 0000:00:08.0 eth1: (PCI:33MHz:32-bit) 08:00:27:13:88:5a
[    2.829649] e1000 0000:00:08.0 eth1: Intel(R) PRO/1000 Network Connection
[    2.833612] e1000 0000:00:03.0 enp0s3: renamed from eth0
[    2.847391] e1000 0000:00:08.0 enp0s8: renamed from eth1
Begin: Loading essential drivers ... [    4.314090] md: linear personality registered for level -1
[    4.334602] md: multipath personality registered for level -4
[    4.339272] md: raid0 personality registered for level 0
[    4.345244] md: raid1 personality registered for level 1
[    4.414682] raid6: sse2x1   gen() 10901 MB/s
[    4.482849] raid6: sse2x1   xor()  8442 MB/s
[    4.551004] raid6: sse2x2   gen() 17627 MB/s
[    4.619169] raid6: sse2x2   xor() 10084 MB/s
[    4.686430] raid6: sse2x4   gen() 11118 MB/s
[    4.754424] raid6: sse2x4   xor()  9084 MB/s
[    4.822484] raid6: avx2x1   gen() 10521 MB/s
[    4.890419] raid6: avx2x2   gen() 16746 MB/s
[    4.958808] raid6: avx2x4   gen() 12935 MB/s
[    4.960669] raid6: using algorithm sse2x2 gen() 17627 MB/s
[    4.962910] raid6: .... xor() 10084 MB/s, rmw enabled
[    4.964689] raid6: using avx2x2 recovery algorithm
[    4.968900] xor: automatically using best checksumming function:
[    5.042496]    avx       : 84234.000 MB/sec
[    5.044821] async_tx: api initialized (async)
[    5.057829] md: raid6 personality registered for level 6
[    5.059228] md: raid5 personality registered for level 5
[    5.060364] md: raid4 personality registered for level 4
[    5.077661] md: raid10 personality registered for level 10
done.
Begin: Running /scripts/init-premount ... done.
Begin: Mounting root file system ... Begin: Running /scripts/local-top ... done.
Begin: Running /scripts/local-premount ... [    5.116684] Btrfs loaded
Scanning for Btrfs filesystems
done.
Warning: fsck not present, so skipping root file system
[    5.143367] EXT4-fs (sda1): mounted filesystem with ordered data mode. Opts: (null)
done.
Begin: Running /scripts/local-bottom ... done.
Begin: Running /scripts/init-bottom ... done.
[    5.214468] systemd[1]: systemd 229 running in system mode. (+PAM +AUDIT +SELINUX +IMA +APPARMOR +SMACK +SYSVINIT +UTMP +LIBCRYPTSETUP +GCRYPT +GNUTLS +ACL +XZ -LZ4 +SECCOMP +BLKID +ELFUTILS +KMOD -IDN)
[    5.217287] systemd[1]: Detected virtualization oracle.
[    5.218096] systemd[1]: Detected architecture x86-64.

Welcome to [1mUbuntu 16.04.7 LTS[0m!

[    5.220689] systemd[1]: Set hostname to <ubuntu-xenial>.
[    5.906644] systemd[1]: Listening on udev Kernel Socket.
[[0;32m  OK  [0m] Listening on udev Kernel Socket.
[    5.908443] systemd[1]: Listening on Syslog Socket.
[[0;32m  OK  [0m] Listening on Syslog Socket.
[    5.909818] systemd[1]: Set up automount Arbitrary Executable File Formats File System Automount Point.
[[0;32m  OK  [0m] Set up automount Arbitrary Executab...ats File System Automount Point.
[    5.912229] systemd[1]: Started Trigger resolvconf update for networkd DNS.
[[0;32m  OK  [0m] Started Trigger resolvconf update for networkd DNS.
[    5.914220] systemd[1]: Created slice System Slice.
[[0;32m  OK  [0m] Created slice System Slice.
[    5.915801] systemd[1]: Created slice system-serial\x2dgetty.slice.
[[0;32m  OK  [0m] Created slice system-serial\x2dgetty.slice.
[    5.917395] systemd[1]: Listening on udev Control Socket.
[[0;32m  OK  [0m] Listening on udev Control Socket.
[    5.918869] systemd[1]: Started Forward Password Requests to Wall Directory Watch.
[[0;32m  OK  [0m] Started Forward Password Requests to Wall Directory Watch.
[    5.921184] systemd[1]: Reached target System Time Synchronized.
[[0;32m  OK  [0m] Reached target System Time Synchronized.
[    5.922938] systemd[1]: Listening on /dev/initctl Compatibility Named Pipe.
[[0;32m  OK  [0m] Listening on /dev/initctl Compatibility Named Pipe.
[    5.924891] systemd[1]: Listening on Journal Socket.
[[0;32m  OK  [0m] Listening on Journal Socket.
[    5.938613] systemd[1]: Mounting Debug File System...
         Mounting Debug File System...
[    5.943076] systemd[1]: Starting Create list of required static device nodes for the current kernel...
         Starting Create list of required st... nodes for the current kernel...
[    5.952869] systemd[1]: Starting Load Kernel Modules...
         Starting Load Kernel Modules...
[    5.955201] systemd[1]: Starting Nameserver information manager...
         Starting Nameserver information manager...
[    5.957461] systemd[1]: Starting Uncomplicated firewall...
         Starting Uncomplicated firewall...
[    5.960340] systemd[1]: Listening on fsck to fsckd communication Socket.
[[0;32m  OK  [0m] Listening on fsck to fsckd communication Socket.
[    5.963204] systemd[1]: Starting File System Check on Root Device...
         Starting File System Check on Root Device...
[    5.965360] systemd[1]: Listening on Device-mapper event daemon FIFOs.
[[0;32m  OK  [0m] Listening on Device-mapper event daemon FIFOs.
[    5.967547] systemd[1]: Starting Set console keymap...
         Starting Set console keymap...
[    5.969399] Loading iSCSI transport class v2.0-870.
[    5.969466] systemd[1]: Reached target Encrypted Volumes.
[[0;32m  OK  [0m] Reached target Encrypted Volumes.
[    5.975184] systemd[1]: Listening on Journal Socket (/dev/log).
[[0;32m  OK  [0m] Listening on Journal Socket (/dev/log).
[    5.977191] systemd[1]: Reached target User and Group Name Lookups.
[[0;32m  OK  [0m] Reached target User and Group Name Lookups.
[    5.980128] systemd[1]: Mounting Huge Pages File System...
         Mounting Huge Pages File System...
[    5.983098] systemd[1]: Reached target Swap.
[[0;32m  OK  [0m] Reached target Swap.
[    5.985038] systemd[1]: Created slice User and Session Slice.
[[0;32m  OK  [0m] Created slice User and Session Slice.
[    5.986529] systemd[1]: Reached target Slices.
[[0;32m  OK  [0m] Reached target Slices.
[    5.987770] systemd[1]: Listening on Journal Audit Socket.
[[0;32m  OK  [0m] Listening on Journal Audit Socket.
[    5.989561] systemd[1]: Starting Journal Service...
         Starting Journal Service...
[    5.991580] systemd[1]: Mounting POSIX Message Queue File System...
         Mounting POSIX Message Queue File System...
[    5.993884] systemd[1]: Listening on LVM2 metadata daemon socket.
[[0;32m  OK  [0m] Listening on LVM2 metadata daemon socket.
[    5.996652] iscsi: registered transport (tcp)
[    6.017506] iscsi: registered transport (iser)
[    6.023348] systemd[1]: Starting Monitoring of LVM2 mirrors, snapshots etc. using dmeventd or progress polling...
         Starting Monitoring of LVM2 mirrors... dmeventd or progress polling...
[    6.025825] systemd[1]: Listening on LVM2 poll daemon socket.
[[0;32m  OK  [0m] Listening on LVM2 poll daemon socket.
[    6.028288] systemd[1]: Mounted Huge Pages File System.
[[0;32m  OK  [0m] Mounted Huge Pages File System.
[    6.032433] systemd[1]: Mounted POSIX Message Queue File System.
[[0;32m  OK  [0m] Mounted POSIX Message Queue File System.
[    6.033923] systemd[1]: Mounted Debug File System.
[[0;32m  OK  [0m] Mounted Debug File System.
[    6.035409] systemd[1]: Started Journal Service.
[[0;32m  OK  [0m] Started Journal Service.
[[0;32m  OK  [0m] Started Create list of required sta...ce nodes for the current kernel.
[[0;32m  OK  [0m] Started Load Kernel Modules.
[[0;32m  OK  [0m] Started Uncomplicated firewall.
[[0;32m  OK  [0m] Started File System Check on Root Device.
[[0;32m  OK  [0m] Started Set console keymap.
[[0;32m  OK  [0m] Started Nameserver information manager.
[[0;32m  OK  [0m] Started LVM2 metadata daemon.
[[0;32m  OK  [0m] Started File System Check Daemon to report status.
         Starting Remount Root and Kernel File Systems...
         Mounting FUSE Control File System...
         Starting Apply Kernel Variables...
[    6.058278] EXT4-fs (sda1): re-mounted. Opts: (null)
         Starting Create Static Device Nodes in /dev...
[[0;32m  OK  [0m] Mounted FUSE Control File System.
[[0;32m  OK  [0m] Started Remount Root and Kernel File Systems.
         Starting Load/Save Random Seed...
         Starting udev Coldplug all Devices...
         Starting Flush Journal to Persistent Storage...
[[0;32m  OK  [0m] Started Apply Kernel Variables.
[[0;32m  OK  [0m] Started Load/Save Random Seed.
[[0;32m  OK  [0m] Started Flush Journal to Persistent Storage.
[[0;32m  OK  [0m] Started Create Static Device Nodes in /dev.
         Starting udev Kernel Device Manager...
[[0;32m  OK  [0m] Started udev Kernel Device Manager.
[[0;32m  OK  [0m] Started udev Coldplug all Devices.
[[0;32m  OK  [0m] Started Dispatch Password Requests to Console Directory Watch.
[[0;32m  OK  [0m] Found device /dev/ttyS0.
[[0;32m  OK  [0m] Started Monitoring of LVM2 mirrors,...ng dmeventd or progress polling.
[[0;32m  OK  [0m] Reached target Local File Systems (Pre).
[[0;32m  OK  [0m] Reached target Local File Systems.
         Starting LSB: AppArmor initialization...
         Starting Set console font and keymap...
         Starting Create Volatile Files and Directories...
         Starting Tell Plymouth To Write Out Runtime Data...
         Starting Initial cloud-init job (pre-networking)...
[[0;32m  OK  [0m] Listening on Load/Save RF Kill Switch Status /dev/rfkill Watch.
[[0;32m  OK  [0m] Started Tell Plymouth To Write Out Runtime Data.
[[0;32m  OK  [0m] Started Create Volatile Files and Directories.
         Starting Update UTMP about System Boot/Shutdown...
[[0;32m  OK  [0m] Started Update UTMP about System Boot/Shutdown.
[[0;32m  OK  [0m] Started LSB: AppArmor initialization.
         Starting Load AppArmor profiles managed internally by snapd...
[[0;32m  OK  [0m] Started Load AppArmor profiles managed internally by snapd.
[[0;32m  OK  [0m] Found device 82540EM Gigabit Ethern...r (PRO/1000 MT Desktop Adapter).
[[0;32m  OK  [0m] Found device 82540EM Gigabit Ethern...r (PRO/1000 MT Desktop Adapter).
[    7.163562] cloud-init[539]: Cloud-init v. 21.1-19-gbad84ad4-0ubuntu1~16.04.2 running 'init-local' at Mon, 13 May 2024 10:37:18 +0000. Up 6.80 seconds.
[[0;32m  OK  [0m] Started Initial cloud-init job (pre-networking).
[[0;32m  OK  [0m] Reached target Network (Pre).
         Starting Raise network interfaces...
[[0;32m  OK  [0m] Started ifup for enp0s8.
[[0;32m  OK  [0m] Started ifup for enp0s3.
[[0;32m  OK  [0m] Started Set console font and keymap.
[[0;32m  OK  [0m] Created slice system-getty.slice.
[[0;32m  OK  [0m] Started Raise network interfaces.
         Starting Initial cloud-init job (metadata service crawler)...
[[0;32m  OK  [0m] Reached target Network.
[    8.060919] cloud-init[1091]: Cloud-init v. 21.1-19-gbad84ad4-0ubuntu1~16.04.2 running 'init' at Mon, 13 May 2024 10:37:19 +0000. Up 7.80 seconds.
[    8.062473] cloud-init[1091]: ci-info: ++++++++++++++++++++++++++++++++++++++Net device info+++++++++++++++++++++++++++++++++++++++
[    8.063818] cloud-init[1091]: ci-info: +--------+------+-----------------------------+---------------+--------+-------------------+
[    8.066985] cloud-init[1091]: ci-info: | Device |  Up  |           Address           |      Mask     | Scope  |     Hw-Address    |
[    8.070056] cloud-init[1091]: ci-info: +--------+------+-----------------------------+---------------+--------+-------------------+
[    8.072640] cloud-init[1091]: ci-info: | enp0s3 | True |          10.0.2.15          | 255.255.255.0 | global | 02:be:82:6b:cc:1d |
[    8.075272] cloud-init[1091]: ci-info: | enp0s3 | True |  fe80::be:82ff:fe6b:cc1d/64 |       .       |  link  | 02:be:82:6b:cc:1d |
[    8.077927] cloud-init[1091]: ci-info: | enp0s8 | True |        192.168.50.55        | 255.255.255.0 | global | 08:00:27:13:88:5a |
[    8.080164] cloud-init[1091]: ci-info: | enp0s8 | True | fe80::a00:27ff:fe13:885a/64 |       .       |  link  | 08:00:27:13:88:5a |
[    8.082315] cloud-init[1091]: ci-info: |   lo   | True |          127.0.0.1          |   255.0.0.0   |  host  |         .         |
[    8.084586] cloud-init[1091]: ci-info: |   lo   | True |           ::1/128           |       .       |  host  |         .         |
[    8.086278] cloud-init[1091]: ci-info: +--------+------+-----------------------------+---------------+--------+-------------------+
[    8.088119] cloud-init[1091]: ci-info: ++++++++++++++++++++++++++++Route IPv4 info++++++++++++++++++++++++++++
[    8.089570] cloud-init[1091]: ci-info: +-------+--------------+----------+---------------+-----------+-------+
[    8.091091] cloud-init[1091]: ci-info: | Route | Destination  | Gateway  |    Genmask    | Interface | Flags |
[    8.092527] cloud-init[1091]: ci-info: +-------+--------------+----------+---------------+-----------+-------+
[    8.093757] cloud-init[1091]: ci-info: |   0   |   0.0.0.0    | 10.0.2.2 |    0.0.0.0    |   enp0s3  |   UG  |
[    8.095014] cloud-init[1091]: ci-info: |   1   |   10.0.2.0   | 0.0.0.0  | 255.255.255.0 |   enp0s3  |   U   |
[    8.096322] cloud-init[1091]: ci-info: |   2   | 192.168.50.0 | 0.0.0.0  | 255.255.255.0 |   enp0s8  |   U   |
[    8.097624] cloud-init[1091]: ci-info: +-------+--------------+----------+---------------+-----------+-------+
[    8.098822] cloud-init[1091]: ci-info: +++++++++++++++++++Route IPv6 info+++++++++++++++++++
[    8.100038] cloud-init[1091]: ci-info: +-------+-------------+---------+-----------+-------+
[    8.101224] cloud-init[1091]: ci-info: | Route | Destination | Gateway | Interface | Flags |
[    8.103652] cloud-init[1091]: ci-info: +-------+-------------+---------+-----------+-------+
[    8.106213] cloud-init[1091]: ci-info: |   0   |  fe80::/64  |    ::   |   enp0s8  |   U   |
[    8.107935] cloud-init[1091]: ci-info: |   1   |  fe80::/64  |    ::   |   enp0s3  |   U   |
[    8.110059] cloud-init[1091]: ci-info: |   4   |   ff00::/8  |    ::   |   enp0s8  |   U   |
[    8.111928] cloud-init[1091]: ci-info: |   5   |   ff00::/8  |    ::   |   enp0s3  |   U   |
[    8.114196] cloud-init[1091]: ci-info: +-------+-------------+---------+-----------+-------+
[[0;32m  OK  [0m] Started Initial cloud-init job (metadata service crawler).
[[0;32m  OK  [0m] Reached target System Initialization.
[[0;32m  OK  [0m] Started Message of the Day.
[[0;32m  OK  [0m] Started Ubuntu Advantage update messaging.
[[0;32m  OK  [0m] Started ACPI Events Check.
[[0;32m  OK  [0m] Reached target Paths.
[[0;32m  OK  [0m] Listening on D-Bus System Message Bus Socket.
[[0;32m  OK  [0m] Listening on UUID daemon activation socket.
         Starting Socket activation for snappy daemon.
[[0;32m  OK  [0m] Listening on ACPID Listen Socket.
[[0;32m  OK  [0m] Started Daily apt download activities.
[[0;32m  OK  [0m] Started Daily apt upgrade and clean activities.
         Starting LXD - unix socket.
[[0;32m  OK  [0m] Started Daily Cleanup of Temporary Directories.
[[0;32m  OK  [0m] Reached target Timers.
[[0;32m  OK  [0m] Reached target Cloud-config availability.
[[0;32m  OK  [0m] Reached target Network is Online.
         Starting iSCSI initiator daemon (iscsid)...
[[0;32m  OK  [0m] Listening on Socket activation for snappy daemon.
[[0;32m  OK  [0m] Listening on LXD - unix socket.
[[0;32m  OK  [0m] Reached target Sockets.
[[0;32m  OK  [0m] Reached target Basic System.
         Starting /etc/rc.local Compatibility...
[[0;32m  OK  [0m] Started ACPI event daemon.
         Starting LXD - container startup/shutdown...
         Starting Accounts Service...
[[0;32m  OK  [0m] Started FUSE filesystem for LXC.
[[0;32m  OK  [0m] Started Deferred execution scheduler.
         Starting The PHP 7.0 FastCGI Process Manager...
         Starting LSB: Record successful boot for GRUB...
         Starting MySQL Community Server...
         Starting A high performance web server and a reverse proxy server...
         Starting Ubuntu Advantage APT and MOTD Messages...
         Starting Message of the Day...
         Starting Login Service...
         Starting System Logging Service...
[[0;32m  OK  [0m] Started Regular background program processing daemon.
         Starting Virtualbox guest utils...
[[0;32m  OK  [0m] Started D-Bus System Message Bus.
         Starting LSB: MD monitoring daemon...
         Starting OpenBSD Secure Shell server...
         Starting Snap Daemon...
[[0;32m  OK  [0m] Started System Logging Service.
[[0;32m  OK  [0m] Started iSCSI initiator daemon (iscsid).
[[0;32m  OK  [0m] Started /etc/rc.local Compatibility.
[[0;32m  OK  [0m] Started Message of the Day.
         Starting Login to default iSCSI targets...
[[0;32m  OK  [0m] Started LSB: Record successful boot for GRUB.
[[0;1;31mFAILED[0m] Failed to start A high performance ...rver and a reverse proxy server.
See 'systemctl status nginx.service' for details.
[[0;32m  OK  [0m] Started Login Service.
[[0;32m  OK  [0m] Started LXD - container startup/shutdown.
         Starting Authenticate and Authorize Users to Run Privileged Tasks...
[[0;32m  OK  [0m] Started Unattended Upgrades Shutdown.
[[0;32m  OK  [0m] Started OpenBSD Secure Shell server.
[[0;32m  OK  [0m] Started LSB: MD monitoring daemon.
[[0;32m  OK  [0m] Started Login to default iSCSI targets.
[[0;32m  OK  [0m] Reached target Remote File Systems (Pre).
         Mounting /ejemplo_inicial_mysql...
[[0;32m  OK  [0m] Started Authenticate and Authorize Users to Run Privileged Tasks.
[[0;32m  OK  [0m] Started Accounts Service.
[[0;1;31mFAILED[0m] Failed to mount /ejemplo_inicial_mysql.
See 'systemctl status ejemplo_inicial_mysql.mount' for details.
[[0;1;33mDEPEND[0m] Dependency failed for Remote File Systems.
         Starting LSB: Set the CPU Frequency Scaling governor to "ondemand"...
         Starting LSB: automatic crash report generation...
         Starting LSB: daemon to balance interrupts for SMP systems...
         Starting Permit User Sessions...
[[0;32m  OK  [0m] Started Permit User Sessions.
         Starting Hold until boot process finishes up...
         Starting Terminate Plymouth Boot Screen...
[[0;32m  OK  [0m] Started Hold until boot process finishes up.
[[0;32m  OK  [0m] Started Terminate Plymouth Boot Screen.
         Starting Set console scheme...
[[0;32m  OK  [0m] Started Getty on tty1.
[[0;32m  OK  [0m] Started Serial Getty on ttyS0.
[[0;32m  OK  [0m] Reached target Login Prompts.
[[0;32m  OK  [0m] Started Set console scheme.
[[0;32m  OK  [0m] Started LSB: Set the CPU Frequency Scaling governor to "ondemand".
[[0;32m  OK  [0m] Started LSB: automatic crash report generation.
[[0;32m  OK  [0m] Started LSB: daemon to balance interrupts for SMP systems.
[[0;32m  OK  [0m] Started Virtualbox guest utils.
[[0;32m  OK  [0m] Started Snap Daemon.
         Starting Wait until snapd is fully seeded...
[[0;32m  OK  [0m] Started The PHP 7.0 FastCGI Process Manager.
[[0;32m  OK  [0m] Started Wait until snapd is fully seeded.
         Starting Apply the settings specified in cloud-config...
[[0;32m  OK  [0m] Started Ubuntu Advantage APT and MOTD Messages.
[    9.734773] cloud-init[1394]: Cloud-init v. 21.1-19-gbad84ad4-0ubuntu1~16.04.2 running 'modules:config' at Mon, 13 May 2024 10:37:21 +0000. Up 9.62 seconds.
[[0;32m  OK  [0m] Started Apply the settings specified in cloud-config.
[[0;32m  OK  [0m] Started MySQL Community Server.
[[0;32m  OK  [0m] Reached target Multi-User System.
[[0;32m  OK  [0m] Reached target Graphical Interface.
         Starting Update UTMP about System Runlevel Changes...
         Starting Execute cloud user/final scripts...
[[0;32m  OK  [0m] Started Update UTMP about System Runlevel Changes.
[   10.948268] cloud-init[1446]: Cloud-init v. 21.1-19-gbad84ad4-0ubuntu1~16.04.2 running 'modules:final' at Mon, 13 May 2024 10:37:22 +0000. Up 10.81 seconds.
[   10.957093] cloud-init[1446]: Cloud-init v. 21.1-19-gbad84ad4-0ubuntu1~16.04.2 finished at Mon, 13 May 2024 10:37:22 +0000. Datasource DataSourceNoCloud [seed=/dev/sdb][dsmode=net].  Up 10.93 seconds
[[0;32m  OK  [0m] Started Execute cloud user/final scripts.
         Starting Daily apt download activities...
[[0;32m  OK  [0m] Reached target Cloud-init target.
[[0;32m  OK  [0m] Created slice User Slice of vagrant.
         Starting User Manager for UID 1000...
[[0;32m  OK  [0m] Started Session 1 of user vagrant.
[[0;32m  OK  [0m] Started User Manager for UID 1000.

Ubuntu 16.04.7 LTS ubuntu-xenial ttyS0

ubuntu-xenial login: 